CRITICAL - 2026-02-09 11:02:17 --> ErrorException: Undefined array key "categoria"
[Method: POST, Route: productos/crear]
in APPPATH/Controllers/Productos.php on line 25.
 1 APPPATH/Controllers/Productos.php(25): CodeIgniter\Debug\Exceptions->errorHandler()
 2 SYSTEMPATH/CodeIgniter.php(933): App\Controllers\Productos->create()
 3 SYSTEMPATH/CodeIgniter.php(507): CodeIgniter\CodeIgniter->runController()
 4 SYSTEMPATH/CodeIgniter.php(354): CodeIgniter\CodeIgniter->handleRequest()
 5 SYSTEMPATH/Boot.php(363): CodeIgniter\CodeIgniter->run()
 6 SYSTEMPATH/Boot.php(68): CodeIgniter\Boot::runCodeIgniter()
 7 FCPATH/index.php(79): CodeIgniter\Boot::bootWeb()
CRITICAL - 2026-02-09 11:02:20 --> ErrorException: Undefined array key "categoria"
[Method: POST, Route: productos/crear]
in APPPATH/Controllers/Productos.php on line 25.
 1 APPPATH/Controllers/Productos.php(25): CodeIgniter\Debug\Exceptions->errorHandler()
 2 SYSTEMPATH/CodeIgniter.php(933): App\Controllers\Productos->create()
 3 SYSTEMPATH/CodeIgniter.php(507): CodeIgniter\CodeIgniter->runController()
 4 SYSTEMPATH/CodeIgniter.php(354): CodeIgniter\CodeIgniter->handleRequest()
 5 SYSTEMPATH/Boot.php(363): CodeIgniter\CodeIgniter->run()
 6 SYSTEMPATH/Boot.php(68): CodeIgniter\Boot::runCodeIgniter()
 7 FCPATH/index.php(79): CodeIgniter\Boot::bootWeb()
CRITICAL - 2026-02-09 11:02:25 --> ErrorException: Undefined array key "categoria"
[Method: POST, Route: productos/crear]
in APPPATH/Controllers/Productos.php on line 25.
 1 APPPATH/Controllers/Productos.php(25): CodeIgniter\Debug\Exceptions->errorHandler()
 2 SYSTEMPATH/CodeIgniter.php(933): App\Controllers\Productos->create()
 3 SYSTEMPATH/CodeIgniter.php(507): CodeIgniter\CodeIgniter->runController()
 4 SYSTEMPATH/CodeIgniter.php(354): CodeIgniter\CodeIgniter->handleRequest()
 5 SYSTEMPATH/Boot.php(363): CodeIgniter\CodeIgniter->run()
 6 SYSTEMPATH/Boot.php(68): CodeIgniter\Boot::runCodeIgniter()
 7 FCPATH/index.php(79): CodeIgniter\Boot::bootWeb()
CRITICAL - 2026-02-09 11:02:25 --> ErrorException: Undefined array key "categoria"
[Method: POST, Route: productos/crear]
in APPPATH/Controllers/Productos.php on line 25.
 1 APPPATH/Controllers/Productos.php(25): CodeIgniter\Debug\Exceptions->errorHandler()
 2 SYSTEMPATH/CodeIgniter.php(933): App\Controllers\Productos->create()
 3 SYSTEMPATH/CodeIgniter.php(507): CodeIgniter\CodeIgniter->runController()
 4 SYSTEMPATH/CodeIgniter.php(354): CodeIgniter\CodeIgniter->handleRequest()
 5 SYSTEMPATH/Boot.php(363): CodeIgniter\CodeIgniter->run()
 6 SYSTEMPATH/Boot.php(68): CodeIgniter\Boot::runCodeIgniter()
 7 FCPATH/index.php(79): CodeIgniter\Boot::bootWeb()
CRITICAL - 2026-02-09 11:02:25 --> ErrorException: Undefined array key "categoria"
[Method: POST, Route: productos/crear]
in APPPATH/Controllers/Productos.php on line 25.
 1 APPPATH/Controllers/Productos.php(25): CodeIgniter\Debug\Exceptions->errorHandler()
 2 SYSTEMPATH/CodeIgniter.php(933): App\Controllers\Productos->create()
 3 SYSTEMPATH/CodeIgniter.php(507): CodeIgniter\CodeIgniter->runController()
 4 SYSTEMPATH/CodeIgniter.php(354): CodeIgniter\CodeIgniter->handleRequest()
 5 SYSTEMPATH/Boot.php(363): CodeIgniter\CodeIgniter->run()
 6 SYSTEMPATH/Boot.php(68): CodeIgniter\Boot::runCodeIgniter()
 7 FCPATH/index.php(79): CodeIgniter\Boot::bootWeb()
CRITICAL - 2026-02-09 11:02:25 --> ErrorException: Undefined array key "categoria"
[Method: POST, Route: productos/crear]
in APPPATH/Controllers/Productos.php on line 25.
 1 APPPATH/Controllers/Productos.php(25): CodeIgniter\Debug\Exceptions->errorHandler()
 2 SYSTEMPATH/CodeIgniter.php(933): App\Controllers\Productos->create()
 3 SYSTEMPATH/CodeIgniter.php(507): CodeIgniter\CodeIgniter->runController()
 4 SYSTEMPATH/CodeIgniter.php(354): CodeIgniter\CodeIgniter->handleRequest()
 5 SYSTEMPATH/Boot.php(363): CodeIgniter\CodeIgniter->run()
 6 SYSTEMPATH/Boot.php(68): CodeIgniter\Boot::runCodeIgniter()
 7 FCPATH/index.php(79): CodeIgniter\Boot::bootWeb()
CRITICAL - 2026-02-09 11:02:25 --> ErrorException: Undefined array key "categoria"
[Method: POST, Route: productos/crear]
in APPPATH/Controllers/Productos.php on line 25.
 1 APPPATH/Controllers/Productos.php(25): CodeIgniter\Debug\Exceptions->errorHandler()
 2 SYSTEMPATH/CodeIgniter.php(933): App\Controllers\Productos->create()
 3 SYSTEMPATH/CodeIgniter.php(507): CodeIgniter\CodeIgniter->runController()
 4 SYSTEMPATH/CodeIgniter.php(354): CodeIgniter\CodeIgniter->handleRequest()
 5 SYSTEMPATH/Boot.php(363): CodeIgniter\CodeIgniter->run()
 6 SYSTEMPATH/Boot.php(68): CodeIgniter\Boot::runCodeIgniter()
 7 FCPATH/index.php(79): CodeIgniter\Boot::bootWeb()
CRITICAL - 2026-02-09 11:02:26 --> ErrorException: Undefined array key "categoria"
[Method: POST, Route: productos/crear]
in APPPATH/Controllers/Productos.php on line 25.
 1 APPPATH/Controllers/Productos.php(25): CodeIgniter\Debug\Exceptions->errorHandler()
 2 SYSTEMPATH/CodeIgniter.php(933): App\Controllers\Productos->create()
 3 SYSTEMPATH/CodeIgniter.php(507): CodeIgniter\CodeIgniter->runController()
 4 SYSTEMPATH/CodeIgniter.php(354): CodeIgniter\CodeIgniter->handleRequest()
 5 SYSTEMPATH/Boot.php(363): CodeIgniter\CodeIgniter->run()
 6 SYSTEMPATH/Boot.php(68): CodeIgniter\Boot::runCodeIgniter()
 7 FCPATH/index.php(79): CodeIgniter\Boot::bootWeb()
CRITICAL - 2026-02-09 11:02:26 --> ErrorException: Undefined array key "categoria"
[Method: POST, Route: productos/crear]
in APPPATH/Controllers/Productos.php on line 25.
 1 APPPATH/Controllers/Productos.php(25): CodeIgniter\Debug\Exceptions->errorHandler()
 2 SYSTEMPATH/CodeIgniter.php(933): App\Controllers\Productos->create()
 3 SYSTEMPATH/CodeIgniter.php(507): CodeIgniter\CodeIgniter->runController()
 4 SYSTEMPATH/CodeIgniter.php(354): CodeIgniter\CodeIgniter->handleRequest()
 5 SYSTEMPATH/Boot.php(363): CodeIgniter\CodeIgniter->run()
 6 SYSTEMPATH/Boot.php(68): CodeIgniter\Boot::runCodeIgniter()
 7 FCPATH/index.php(79): CodeIgniter\Boot::bootWeb()
